<?xml version="1.0" encoding="UTF-8"?>
<!-- Generated by org.testng.reporters.JUnitXMLReporter -->
<testsuite ignored="0" hostname="Adnans-MBP" failures="0" tests="4" name="Regression Test" time="5.598" errors="0" timestamp="2020-11-12T17:22:51 EST">
  <testcase classname="com.test.one.RegressionTest" name="openChromeBrowser" time="3.584"/>
  <testcase classname="com.test.one.RegressionTest" name="processNumOne" time="0.001"/>
  <testcase classname="com.test.one.RegressionTest" name="processNumTwo" time="0.0"/>
  <testcase classname="com.test.one.RegressionTest" name="openFirefoxBrowser" time="5.596"/>
</testsuite> <!-- Regression Test -->
