<?xml version="1.0" encoding="UTF-8"?>
<!-- Generated by org.testng.reporters.JUnitXMLReporter -->
<testsuite ignored="0" hostname="Adnans-MBP" failures="0" tests="4" name="Sanity Test" time="0.012" errors="0" timestamp="2020-11-12T17:22:45 EST">
  <testcase classname="com.test.one.SanityTest" name="TestFour" time="0.001"/>
  <testcase classname="com.test.one.SanityTest" name="TestOne" time="0.002"/>
  <testcase classname="com.test.one.SanityTest" name="TestTwo" time="0.0"/>
  <testcase classname="com.test.one.SanityTest" name="TestThree" time="0.001"/>
</testsuite> <!-- Sanity Test -->
